<?xml version="1.0" encoding="UTF-8"?>
<beans xmlns="http://www.springframework.org/schema/beans"
       xmlns:xsi="http://www.w3.org/2001/XMLSchema-instance"
       xmlns:p="http://www.springframework.org/schema/p"
       xmlns:jdbc="http://www.springframework.org/schema/jdbc"
       xmlns:context="http://www.springframework.org/schema/context"
       xsi:schemaLocation="http://www.springframework.org/schema/beans http://www.springframework.org/schema/beans/spring-beans.xsd
              http://www.springframework.org/schema/context http://www.springframework.org/schema/context/spring-context.xsd
              http://www.springframework.org/schema/beans http://www.springframework.org/schema/beans/spring-beans.xsd">

  <context:component-scan base-package="com.card"/>

  <import resource="classpath:persistence.xml"/>

  <bean id="transactionManager"
        class="org.springframework.orm.jpa.JpaTransactionManager"
        p:entityManagerFactory-ref="entityManagerFactory"/>

  <bean id="dataSource" class="org.springframework.jdbc.datasource.SimpleDriverDataSource"
        p:driverClass="org.h2.Driver"
        p:url="jdbc:h2:mem:testdb;DB_CLOSE_DELAY=-1;MODE=Oracle"
        p:username="sa" p:password=""/>

</beans>